[2019-08-29 14:00:17] INFO: Copying  /home/p20137/public_html/phpintro/src/Solution/../../../phpintrosolution/login/construct.inc.php to /home/p20137/public_html/phpintro/src/Solution/../Exercises/Login.php 
[2019-08-29 14:00:17] INFO: Copying  /home/p20137/public_html/phpintro/src/Solution/../../../phpintrosolution/login/isValid.inc.php to /home/p20137/public_html/phpintro/src/Solution/../Exercises/Login.php 
[2019-08-29 14:00:17] INFO: Copying  /home/p20137/public_html/phpintro/src/Solution/../../../phpintrosolution/login/business.inc.php to /home/p20137/public_html/phpintro/src/Solution/../Exercises/Login.php 
[2019-08-29 14:00:17] INFO: Copying  /home/p20137/public_html/phpintro/src/Solution/../../../phpintrosolution/login/authenticateUser.inc.php to /home/p20137/public_html/phpintro/src/Solution/../Exercises/Login.php 
[2019-08-29 14:00:17] INFO: Created backup file:  /home/p20137/public_html/phpintro/src/Solution/../Exercises/Login.backup. 
[2019-08-29 14:00:18] INFO: File /home/p20137/public_html/phpintro/src/Solution/../../../phpintrosolution/Register/construct.inc.php does not exist! 
[2019-08-29 14:00:18] INFO: File /home/p20137/public_html/phpintro/src/Solution/../../../phpintrosolution/Register/isValid.inc.php does not exist! 
[2019-08-29 14:00:18] INFO: File /home/p20137/public_html/phpintro/src/Solution/../../../phpintrosolution/Register/isUnique.inc.php does not exist! 
[2019-08-29 14:00:18] INFO: File /home/p20137/public_html/phpintro/src/Solution/../../../phpintrosolution/Register/addUser.inc.php does not exist! 
[2019-08-29 14:00:18] INFO: Created backup file:  /home/p20137/public_html/phpintro/src/Solution/../Exercises/Register.backup. 
[2019-08-29 14:00:23] INFO: Copying  /home/p20137/public_html/phpintro/src/Solution/../../../phpintrosolution/imprint/show.inc.php to /home/p20137/public_html/phpintro/src/Solution/../Exercises/Imprint.php 
[2019-08-29 14:00:23] INFO: Created backup file:  /home/p20137/public_html/phpintro/src/Solution/../Exercises/Imprint.backup. 
[2019-08-29 14:00:24] INFO: Copying  /home/p20137/public_html/phpintro/src/Solution/../../../phpintrosolution/contact/isValid.inc.php to /home/p20137/public_html/phpintro/src/Solution/../Exercises/Contact.php 
[2019-08-29 14:00:24] INFO: Copying  /home/p20137/public_html/phpintro/src/Solution/../../../phpintrosolution/contact/business.inc.php to /home/p20137/public_html/phpintro/src/Solution/../Exercises/Contact.php 
[2019-08-29 14:00:24] INFO: Created backup file:  /home/p20137/public_html/phpintro/src/Solution/../Exercises/Contact.backup. 
[2019-08-29 14:00:27] INFO: Restored file:  /home/p20137/public_html/phpintro/src/Solution/../Exercises/Register.backup  to  /home/p20137/public_html/phpintro/src/Solution/../Exercises/Register.php. 
[2019-08-29 14:00:27] INFO: Deleted file:  /home/p20137/public_html/phpintro/src/Solution/../Exercises/Register.backup. 
[2019-08-29 14:00:29] INFO: File /home/p20137/public_html/phpintro/src/Solution/../../../phpintrosolution/Register/construct.inc.php does not exist! 
[2019-08-29 14:00:29] INFO: File /home/p20137/public_html/phpintro/src/Solution/../../../phpintrosolution/Register/isValid.inc.php does not exist! 
[2019-08-29 14:00:29] INFO: File /home/p20137/public_html/phpintro/src/Solution/../../../phpintrosolution/Register/isUnique.inc.php does not exist! 
[2019-08-29 14:00:29] INFO: File /home/p20137/public_html/phpintro/src/Solution/../../../phpintrosolution/Register/addUser.inc.php does not exist! 
[2019-08-29 14:00:29] INFO: Created backup file:  /home/p20137/public_html/phpintro/src/Solution/../Exercises/Register.backup. 
[2019-08-29 14:01:41] INFO: Restored file:  /home/p20137/public_html/phpintro/src/Solution/../Exercises/Register.backup  to  /home/p20137/public_html/phpintro/src/Solution/../Exercises/Register.php. 
[2019-08-29 14:01:41] INFO: Deleted file:  /home/p20137/public_html/phpintro/src/Solution/../Exercises/Register.backup. 
[2019-08-29 14:02:13] INFO: Restored file:  /home/p20137/public_html/phpintro/src/Solution/../Exercises/Login.backup  to  /home/p20137/public_html/phpintro/src/Solution/../Exercises/Login.php. 
[2019-08-29 14:02:13] INFO: Deleted file:  /home/p20137/public_html/phpintro/src/Solution/../Exercises/Login.backup. 
[2019-08-29 14:02:16] INFO: Restored file:  /home/p20137/public_html/phpintro/src/Solution/../Exercises/Imprint.backup  to  /home/p20137/public_html/phpintro/src/Solution/../Exercises/Imprint.php. 
[2019-08-29 14:02:16] INFO: Deleted file:  /home/p20137/public_html/phpintro/src/Solution/../Exercises/Imprint.backup. 
[2019-08-29 14:02:17] INFO: Restored file:  /home/p20137/public_html/phpintro/src/Solution/../Exercises/Contact.backup  to  /home/p20137/public_html/phpintro/src/Solution/../Exercises/Contact.php. 
[2019-08-29 14:02:17] INFO: Deleted file:  /home/p20137/public_html/phpintro/src/Solution/../Exercises/Contact.backup. 
[2019-08-29 14:04:43] INFO: Copying  /home/p20137/public_html/phpintro/src/Solution/../../../phpintrosolution/login/construct.inc.php to /home/p20137/public_html/phpintro/src/Solution/../Exercises/Login.php 
[2019-08-29 14:04:43] INFO: Copying  /home/p20137/public_html/phpintro/src/Solution/../../../phpintrosolution/login/isValid.inc.php to /home/p20137/public_html/phpintro/src/Solution/../Exercises/Login.php 
[2019-08-29 14:04:43] INFO: Copying  /home/p20137/public_html/phpintro/src/Solution/../../../phpintrosolution/login/business.inc.php to /home/p20137/public_html/phpintro/src/Solution/../Exercises/Login.php 
[2019-08-29 14:04:43] INFO: Copying  /home/p20137/public_html/phpintro/src/Solution/../../../phpintrosolution/login/authenticateUser.inc.php to /home/p20137/public_html/phpintro/src/Solution/../Exercises/Login.php 
[2019-08-29 14:04:43] INFO: Created backup file:  /home/p20137/public_html/phpintro/src/Solution/../Exercises/Login.backup. 
[2019-08-29 14:04:44] INFO: Copying  /home/p20137/public_html/phpintro/src/Solution/../../../phpintrosolution/register/construct.inc.php to /home/p20137/public_html/phpintro/src/Solution/../Exercises/Register.php 
[2019-08-29 14:04:44] INFO: Copying  /home/p20137/public_html/phpintro/src/Solution/../../../phpintrosolution/register/isValid.inc.php to /home/p20137/public_html/phpintro/src/Solution/../Exercises/Register.php 
[2019-08-29 14:04:44] INFO: Copying  /home/p20137/public_html/phpintro/src/Solution/../../../phpintrosolution/register/isUnique.inc.php to /home/p20137/public_html/phpintro/src/Solution/../Exercises/Register.php 
[2019-08-29 14:04:44] INFO: Copying  /home/p20137/public_html/phpintro/src/Solution/../../../phpintrosolution/register/addUser.inc.php to /home/p20137/public_html/phpintro/src/Solution/../Exercises/Register.php 
[2019-08-29 14:04:44] INFO: Created backup file:  /home/p20137/public_html/phpintro/src/Solution/../Exercises/Register.backup. 
[2019-08-29 14:04:45] INFO: Copying  /home/p20137/public_html/phpintro/src/Solution/../../../phpintrosolution/imprint/show.inc.php to /home/p20137/public_html/phpintro/src/Solution/../Exercises/Imprint.php 
[2019-08-29 14:04:45] INFO: Created backup file:  /home/p20137/public_html/phpintro/src/Solution/../Exercises/Imprint.backup. 
[2019-08-29 14:04:48] INFO: Copying  /home/p20137/public_html/phpintro/src/Solution/../../../phpintrosolution/contact/isValid.inc.php to /home/p20137/public_html/phpintro/src/Solution/../Exercises/Contact.php 
[2019-08-29 14:04:48] INFO: Copying  /home/p20137/public_html/phpintro/src/Solution/../../../phpintrosolution/contact/business.inc.php to /home/p20137/public_html/phpintro/src/Solution/../Exercises/Contact.php 
[2019-08-29 14:04:48] INFO: Created backup file:  /home/p20137/public_html/phpintro/src/Solution/../Exercises/Contact.backup. 
[2019-08-29 14:07:32] INFO: Restored file:  /home/p20137/public_html/phpintro/src/Solution/../Exercises/Login.backup  to  /home/p20137/public_html/phpintro/src/Solution/../Exercises/Login.php. 
[2019-08-29 14:07:32] INFO: Deleted file:  /home/p20137/public_html/phpintro/src/Solution/../Exercises/Login.backup. 
[2019-08-29 14:07:33] INFO: Restored file:  /home/p20137/public_html/phpintro/src/Solution/../Exercises/Register.backup  to  /home/p20137/public_html/phpintro/src/Solution/../Exercises/Register.php. 
[2019-08-29 14:07:33] INFO: Deleted file:  /home/p20137/public_html/phpintro/src/Solution/../Exercises/Register.backup. 
[2019-08-29 14:07:34] INFO: Restored file:  /home/p20137/public_html/phpintro/src/Solution/../Exercises/Imprint.backup  to  /home/p20137/public_html/phpintro/src/Solution/../Exercises/Imprint.php. 
[2019-08-29 14:07:34] INFO: Deleted file:  /home/p20137/public_html/phpintro/src/Solution/../Exercises/Imprint.backup. 
[2019-08-29 14:07:35] INFO: Restored file:  /home/p20137/public_html/phpintro/src/Solution/../Exercises/Contact.backup  to  /home/p20137/public_html/phpintro/src/Solution/../Exercises/Contact.php. 
[2019-08-29 14:07:35] INFO: Deleted file:  /home/p20137/public_html/phpintro/src/Solution/../Exercises/Contact.backup. 
